This file contains any messages produced by compilers while
running configure, to aid debugging if configure makes a mistake.

It was created by RT configure rt-4.4.2, which was
generated by GNU Autoconf 2.69.  Invocation command line was

  $ ./configure --with-web-user=www-data --with-web-group=www-data

## --------- ##
## Platform. ##
## --------- ##

hostname = wifi-VirtualBox
uname -m = x86_64
uname -r = 4.15.0-106-generic
uname -s = Linux
uname -v = #107-Ubuntu SMP Thu Jun 4 11:27:52 UTC 2020

/usr/bin/uname -p = unknown
/bin/uname -X     = unknown

/bin/arch              = unknown
/usr/bin/arch -k       = unknown
/usr/convex/getsysinfo = unknown
/usr/bin/hostinfo      = unknown
/bin/machine           = unknown
/usr/bin/oslevel       = unknown
/bin/universe          = unknown

PATH: /home/wifi/.local/bin
PATH: /usr/local/sbin
PATH: /usr/local/bin
PATH: /usr/sbin
PATH: /usr/bin
PATH: /sbin
PATH: /bin
PATH: /usr/games
PATH: /usr/local/games
PATH: /snap/bin


## ----------- ##
## Core tests. ##
## ----------- ##

configure:1938: checking for a BSD-compatible install
configure:2006: result: /usr/bin/install -c
configure:2020: checking for perl
configure:2038: found /usr/bin/perl
configure:2051: result: /usr/bin/perl
configure:2063: checking checking version of find
configure:2067: result: configuring for GNU find
configure:2468: checking for chosen layout
configure:2481: result: relative
configure:2683: checking if group rt3 exists
configure:2689: result: not found
configure:2683: checking if group rt exists
configure:2689: result: not found
configure:2683: checking if group www-data exists
configure:2686: result: found
configure:2713: checking if database name is set
configure:2716: result: yes
configure:2747: checking for dot
configure:2775: result: no
configure:2803: checking for gdlib-config
configure:2831: result: no
configure:2859: checking for gpg
configure:2875: found /usr/bin/gpg
configure:2887: result: yes
configure:2922: checking for openssl
configure:2938: found /usr/bin/openssl
configure:2950: result: yes
configure:3331: creating ./config.status

## ---------------------- ##
## Running config.status. ##
## ---------------------- ##

This file was extended by RT config.status rt-4.4.2, which was
generated by GNU Autoconf 2.69.  Invocation command line was

  CONFIG_FILES    = 
  CONFIG_HEADERS  = 
  CONFIG_LINKS    = 
  CONFIG_COMMANDS = 
  $ ./config.status 

on wifi-VirtualBox

config.status:883: creating etc/upgrade/3.8-ical-extension
config.status:883: creating etc/upgrade/4.0-customfield-checkbox-extension
config.status:883: creating etc/upgrade/generate-rtaddressregexp
config.status:883: creating etc/upgrade/sanity-check-stylesheets
config.status:883: creating etc/upgrade/shrink-cgm-table
config.status:883: creating etc/upgrade/shrink-transactions-table
config.status:883: creating etc/upgrade/switch-templates-to
config.status:883: creating etc/upgrade/time-worked-history
config.status:883: creating etc/upgrade/upgrade-articles
config.status:883: creating etc/upgrade/upgrade-assets
config.status:883: creating etc/upgrade/vulnerable-passwords
config.status:883: creating etc/upgrade/upgrade-sla
config.status:883: creating sbin/rt-ldapimport
config.status:883: creating sbin/rt-attributes-viewer
config.status:883: creating sbin/rt-preferences-viewer
config.status:883: creating sbin/rt-session-viewer
config.status:883: creating sbin/rt-dump-metadata
config.status:883: creating sbin/rt-setup-database
config.status:883: creating sbin/rt-test-dependencies
config.status:883: creating sbin/rt-email-digest
config.status:883: creating sbin/rt-email-dashboards
config.status:883: creating sbin/rt-externalize-attachments
config.status:883: creating sbin/rt-clean-sessions
config.status:883: creating sbin/rt-shredder
config.status:883: creating sbin/rt-validator
config.status:883: creating sbin/rt-validate-aliases
config.status:883: creating sbin/rt-email-group-admin
config.status:883: creating sbin/rt-server
config.status:883: creating sbin/rt-server.fcgi
config.status:883: creating sbin/standalone_httpd
config.status:883: creating sbin/rt-setup-fulltext-index
config.status:883: creating sbin/rt-fulltext-indexer
config.status:883: creating sbin/rt-serializer
config.status:883: creating sbin/rt-importer
config.status:883: creating bin/rt-crontool
config.status:883: creating bin/rt-mailgate
config.status:883: creating bin/rt
config.status:883: creating Makefile
config.status:883: creating etc/RT_Config.pm
config.status:883: creating lib/RT/Generated.pm
config.status:883: creating t/data/configs/apache2.2+mod_perl.conf
config.status:883: creating t/data/configs/apache2.2+fastcgi.conf
config.status:883: creating t/data/configs/apache2.4+mod_perl.conf
config.status:883: creating t/data/configs/apache2.4+fastcgi.conf

## ---------------- ##
## Cache variables. ##
## ---------------- ##

ac_cv_env_PERL_set=
ac_cv_env_PERL_value=
ac_cv_env_build_alias_set=
ac_cv_env_build_alias_value=
ac_cv_env_host_alias_set=
ac_cv_env_host_alias_value=
ac_cv_env_target_alias_set=
ac_cv_env_target_alias_value=
ac_cv_path_PERL=/usr/bin/perl
ac_cv_path_install='/usr/bin/install -c'
ac_cv_prog_RT_GD=no
ac_cv_prog_RT_GPG_DEPS=yes
ac_cv_prog_RT_GRAPHVIZ=no
ac_cv_prog_RT_SMIME_DEPS=yes

## ----------------- ##
## Output variables. ##
## ----------------- ##

ATTACHMENT_STORE='database'
BIN_OWNER='root'
COMMENT_INPLACE_LAYOUT=''
CONFIGURE_INCANT='./configure --with-web-user=www-data --with-web-group=www-data'
CONFIG_FILE_PATH='etc'
CONFIG_FILE_PATH_R='/opt/rt4/etc'
DATABASE_ENV_PREF=''
DB_DATABASE='rt4'
DB_DBA='root'
DB_HOST='localhost'
DB_PORT=''
DB_RT_HOST='localhost'
DB_RT_PASS='rt_pass'
DB_RT_USER='rt_user'
DB_TYPE='mysql'
DEFS='-DPACKAGE_NAME=\"RT\" -DPACKAGE_TARNAME=\"rt\" -DPACKAGE_VERSION=\"rt-4.4.2\" -DPACKAGE_STRING=\"RT\ rt-4.4.2\" -DPACKAGE_BUGREPORT=\"rt-bugs@bestpractical.com\" -DPACKAGE_URL=\"\"'
ECHO_C=''
ECHO_N='-n'
ECHO_T=''
FINDPERM='/'
INSTALL_DATA='${INSTALL} -m 644'
INSTALL_PROGRAM='${INSTALL}'
INSTALL_SCRIPT='${INSTALL}'
LIBOBJS=''
LIBS=''
LIBS_GROUP='bin'
LIBS_OWNER='root'
LOCAL_ETC_PATH='local/etc'
LOCAL_ETC_PATH_R='/opt/rt4/local/etc'
LOCAL_LEXICON_PATH='local/po'
LOCAL_LEXICON_PATH_R='/opt/rt4/local/po'
LOCAL_LIB_PATH='local/lib'
LOCAL_LIB_PATH_R='/opt/rt4/local/lib'
LOCAL_PLUGIN_PATH='local/plugins'
LOCAL_PLUGIN_PATH_R='/opt/rt4/local/plugins'
LOCAL_STATIC_PATH='local/static'
LOCAL_STATIC_PATH_R='/opt/rt4/local/static'
LTLIBOBJS=''
MASON_DATA_PATH='var/mason_data'
MASON_DATA_PATH_R='/opt/rt4/var/mason_data'
MASON_HTML_PATH='share/html'
MASON_HTML_PATH_R='/opt/rt4/share/html'
MASON_LOCAL_HTML_PATH='local/html'
MASON_LOCAL_HTML_PATH_R='/opt/rt4/local/html'
MASON_SESSION_PATH='var/session_data'
MASON_SESSION_PATH_R='/opt/rt4/var/session_data'
PACKAGE_BUGREPORT='rt-bugs@bestpractical.com'
PACKAGE_NAME='RT'
PACKAGE_STRING='RT rt-4.4.2'
PACKAGE_TARNAME='rt'
PACKAGE_URL=''
PACKAGE_VERSION='rt-4.4.2'
PATH_SEPARATOR=':'
PERL='/usr/bin/perl'
RTGROUP='www-data'
RT_BIN_PATH='bin'
RT_BIN_PATH_R='/opt/rt4/bin'
RT_DEVELOPER='0'
RT_DOC_PATH='docs'
RT_DOC_PATH_R='/opt/rt4/docs'
RT_ETC_PATH='etc'
RT_ETC_PATH_R='/opt/rt4/etc'
RT_EXTERNALAUTH='0'
RT_FONT_PATH='share/fonts'
RT_FONT_PATH_R='/opt/rt4/share/fonts'
RT_GD='0'
RT_GPG='0'
RT_GPG_DEPS='1'
RT_GRAPHVIZ='0'
RT_LEXICON_PATH='share/po'
RT_LEXICON_PATH_R='/opt/rt4/share/po'
RT_LIB_PATH='lib'
RT_LIB_PATH_R='/opt/rt4/lib'
RT_LOCAL_PATH='local'
RT_LOCAL_PATH_R='/opt/rt4/local'
RT_LOG_PATH='var/log'
RT_LOG_PATH_R='/opt/rt4/var/log'
RT_MAN_PATH='man'
RT_MAN_PATH_R='/opt/rt4/man'
RT_PATH='/opt/rt4'
RT_PATH_R='/opt/rt4'
RT_PLUGIN_PATH='plugins'
RT_PLUGIN_PATH_R='/opt/rt4/plugins'
RT_SBIN_PATH='sbin'
RT_SBIN_PATH_R='/opt/rt4/sbin'
RT_SMIME='0'
RT_SMIME_DEPS='1'
RT_STATIC_PATH='share/static'
RT_STATIC_PATH_R='/opt/rt4/share/static'
RT_VAR_PATH='var'
RT_VAR_PATH_R='/opt/rt4/var'
RT_VERSION_MAJOR='4'
RT_VERSION_MINOR='4'
RT_VERSION_PATCH='2'
SHELL='/bin/bash'
WEB_GROUP='www-data'
WEB_HANDLER='fastcgi'
WEB_USER='www-data'
bindir='bin'
build_alias=''
customdir='local'
custometcdir='local/etc'
customhtmldir='local/html'
customlexdir='local/po'
customlibdir='local/lib'
customplugindir='local/plugins'
customstaticdir='local/static'
datadir='share'
datarootdir='${prefix}/share'
docdir='${datarootdir}/doc/${PACKAGE_TARNAME}'
dvidir='${docdir}'
exec_prefix='/opt/rt4'
exp_bindir='bin'
exp_customdir='local'
exp_custometcdir='local/etc'
exp_customhtmldir='local/html'
exp_customlexdir='local/po'
exp_customlibdir='local/lib'
exp_customplugindir='local/plugins'
exp_customstaticdir='local/static'
exp_datadir='share'
exp_exec_prefix='/opt/rt4'
exp_fontdir='share/fonts'
exp_htmldir='share/html'
exp_lexdir='share/po'
exp_libdir='lib'
exp_localstatedir='var'
exp_logfiledir='var/log'
exp_mandir='man'
exp_manualdir='docs'
exp_masonstatedir='var/mason_data'
exp_plugindir='plugins'
exp_prefix='/opt/rt4'
exp_sbindir='sbin'
exp_sessionstatedir='var/session_data'
exp_staticdir='share/static'
exp_sysconfdir='etc'
fontdir='share/fonts'
host_alias=''
htmldir='share/html'
includedir='${prefix}/include'
infodir='${datarootdir}/info'
lexdir='share/po'
libdir='lib'
libexecdir='${exec_prefix}/libexec'
localedir='${datarootdir}/locale'
localstatedir='var'
logfiledir='var/log'
mandir='man'
manualdir='docs'
masonstatedir='var/mason_data'
oldincludedir='/usr/include'
pdfdir='${docdir}'
plugindir='plugins'
prefix='/opt/rt4'
program_transform_name='s,x,x,'
psdir='${docdir}'
rt_layout_name='relative'
rt_version_major='4'
rt_version_minor='4'
rt_version_patch='2'
sbindir='sbin'
sessionstatedir='var/session_data'
sharedstatedir='${prefix}/com'
staticdir='share/static'
sysconfdir='etc'
target_alias=''

## ----------- ##
## confdefs.h. ##
## ----------- ##

/* confdefs.h */
#define PACKAGE_NAME "RT"
#define PACKAGE_TARNAME "rt"
#define PACKAGE_VERSION "rt-4.4.2"
#define PACKAGE_STRING "RT rt-4.4.2"
#define PACKAGE_BUGREPORT "rt-bugs@bestpractical.com"
#define PACKAGE_URL ""

configure: exit 0
